<?xml version="1.0" encoding="UTF-8"?>
<!-- Generated by org.testng.reporters.JUnitXMLReporter -->
<testsuite ignored="5" hostname="DESKTOP-DELVMAL" failures="0" tests="2" name="Payment" time="13.59" errors="0" timestamp="2023-06-27T23:12:37 IST">
  <testcase classname="automationPractice.PaymentGateway" name="vlidateCardNumber" time="13.539"/>
  <testcase classname="automationPractice.Deposit" name="test" time="0.003"/>
  <testcase classname="automationPractice.Deposit" name="test3" time="0.0">
    <ignored/>
  </testcase> <!-- test3 -->
  <testcase classname="automationPractice.Deposit" name="test2" time="0.0">
    <ignored/>
  </testcase> <!-- test2 -->
  <testcase classname="automationPractice.Deposit" name="depostCash" time="0.0">
    <ignored/>
  </testcase> <!-- depostCash -->
  <testcase classname="automationPractice.Deposit" name="test4" time="0.0">
    <ignored/>
  </testcase> <!-- test4 -->
  <testcase classname="automationPractice.Deposit" name="test1" time="0.0">
    <ignored/>
  </testcase> <!-- test1 -->
</testsuite> <!-- Payment -->
